<?xml version="1.0" encoding="UTF-8"?>
<!-- Generated by org.testng.reporters.JUnitReportReporter -->
<testsuite hostname="rchhetry-macOS" failures="0" tests="2" name="com.testAppRun.RegisterAnAccount" time="30.774" errors="0" timestamp="2025-02-09T19:38:03 IST" skipped="0">
  <testcase classname="com.testAppRun.RegisterAnAccount" name="register" time="14.758"/>
  <system-out>
    <![CDATA[Phone number entered
Entered Email ID
Entered first name
Entered last name
Clicked Login button successfully]]>
  </system-out>
  <testcase classname="com.testAppRun.RegisterAnAccount" name="register" time="16.016"/>
  <system-out>
    <![CDATA[Phone number entered
Entered Email ID
Entered first name
Entered last name
Clicked Login button successfully]]>
  </system-out>
</testsuite> <!-- com.testAppRun.RegisterAnAccount -->
